{"C:\\Users\\User\\Desktop\\Projects\\years-tracker-v2\\src\\components\\DatePicker.tsx": {"path":"C:\\Users\\User\\Desktop\\Projects\\years-tracker-v2\\src\\components\\DatePicker.tsx","statementMap":{"0":{"start":{"line":15,"column":15},"end":{"line":28,"column":null}},"1":{"start":{"line":29,"column":21},"end":{"line":42,"column":null}},"2":{"start":{"line":43,"column":13},"end":{"line":43,"column":null}},"3":{"start":{"line":54,"column":16},"end":{"line":54,"column":null}},"4":{"start":{"line":55,"column":18},"end":{"line":55,"column":null}},"5":{"start":{"line":57,"column":17},"end":{"line":57,"column":null}},"6":{"start":{"line":59,"column":22},"end":{"line":59,"column":null}},"7":{"start":{"line":60,"column":24},"end":{"line":60,"column":null}},"8":{"start":{"line":61,"column":30},"end":{"line":63,"column":null}},"9":{"start":{"line":64,"column":32},"end":{"line":66,"column":null}},"10":{"start":{"line":68,"column":30},"end":{"line":70,"column":null}},"11":{"start":{"line":72,"column":19},"end":{"line":72,"column":null}},"12":{"start":{"line":73,"column":22},"end":{"line":73,"column":null}},"13":{"start":{"line":75,"column":20},"end":{"line":80,"column":null}},"14":{"start":{"line":76,"column":4},"end":{"line":79,"column":null}},"15":{"start":{"line":77,"column":6},"end":{"line":77,"column":null}},"16":{"start":{"line":78,"column":6},"end":{"line":78,"column":null}},"17":{"start":{"line":78,"column":25},"end":{"line":78,"column":30}},"18":{"start":{"line":79,"column":11},"end":{"line":79,"column":null}},"19":{"start":{"line":79,"column":31},"end":{"line":79,"column":36}},"20":{"start":{"line":81,"column":20},"end":{"line":86,"column":null}},"21":{"start":{"line":82,"column":4},"end":{"line":85,"column":null}},"22":{"start":{"line":83,"column":6},"end":{"line":83,"column":null}},"23":{"start":{"line":84,"column":6},"end":{"line":84,"column":null}},"24":{"start":{"line":84,"column":25},"end":{"line":84,"column":30}},"25":{"start":{"line":85,"column":11},"end":{"line":85,"column":null}},"26":{"start":{"line":85,"column":31},"end":{"line":85,"column":36}},"27":{"start":{"line":88,"column":20},"end":{"line":94,"column":null}},"28":{"start":{"line":89,"column":14},"end":{"line":89,"column":null}},"29":{"start":{"line":90,"column":4},"end":{"line":90,"column":null}},"30":{"start":{"line":90,"column":21},"end":{"line":90,"column":null}},"31":{"start":{"line":91,"column":16},"end":{"line":91,"column":null}},"32":{"start":{"line":92,"column":4},"end":{"line":92,"column":null}},"33":{"start":{"line":93,"column":4},"end":{"line":93,"column":null}},"34":{"start":{"line":96,"column":22},"end":{"line":99,"column":null}},"35":{"start":{"line":97,"column":4},"end":{"line":97,"column":null}},"36":{"start":{"line":98,"column":4},"end":{"line":98,"column":null}},"37":{"start":{"line":101,"column":21},"end":{"line":104,"column":null}},"38":{"start":{"line":102,"column":4},"end":{"line":102,"column":null}},"39":{"start":{"line":103,"column":4},"end":{"line":103,"column":null}},"40":{"start":{"line":106,"column":21},"end":{"line":109,"column":null}},"41":{"start":{"line":107,"column":4},"end":{"line":109,"column":null}},"42":{"start":{"line":111,"column":21},"end":{"line":112,"column":null}},"43":{"start":{"line":112,"column":4},"end":{"line":112,"column":null}},"44":{"start":{"line":114,"column":18},"end":{"line":117,"column":null}},"45":{"start":{"line":115,"column":4},"end":{"line":117,"column":null}},"46":{"start":{"line":119,"column":23},"end":{"line":125,"column":null}},"47":{"start":{"line":127,"column":17},"end":{"line":127,"column":null}},"48":{"start":{"line":128,"column":18},"end":{"line":128,"column":null}},"49":{"start":{"line":128,"column":64},"end":{"line":128,"column":69}},"50":{"start":{"line":129,"column":19},"end":{"line":129,"column":null}},"51":{"start":{"line":129,"column":56},"end":{"line":129,"column":68}},"52":{"start":{"line":133,"column":4},"end":{"line":133,"column":null}},"53":{"start":{"line":135,"column":2},"end":{"line":312,"column":null}},"54":{"start":{"line":139,"column":8},"end":{"line":139,"column":null}},"55":{"start":{"line":140,"column":8},"end":{"line":140,"column":null}},"56":{"start":{"line":140,"column":16},"end":{"line":140,"column":null}},"57":{"start":{"line":173,"column":31},"end":{"line":173,"column":null}},"58":{"start":{"line":188,"column":16},"end":{"line":193,"column":null}},"59":{"start":{"line":200,"column":16},"end":{"line":200,"column":null}},"60":{"start":{"line":203,"column":16},"end":{"line":220,"column":null}},"61":{"start":{"line":207,"column":33},"end":{"line":207,"column":null}},"62":{"start":{"line":232,"column":31},"end":{"line":232,"column":null}},"63":{"start":{"line":240,"column":31},"end":{"line":240,"column":null}},"64":{"start":{"line":249,"column":16},"end":{"line":261,"column":null}},"65":{"start":{"line":252,"column":33},"end":{"line":252,"column":null}},"66":{"start":{"line":273,"column":31},"end":{"line":273,"column":null}},"67":{"start":{"line":273,"column":50},"end":{"line":273,"column":56}},"68":{"start":{"line":283,"column":31},"end":{"line":283,"column":null}},"69":{"start":{"line":283,"column":50},"end":{"line":283,"column":56}},"70":{"start":{"line":292,"column":16},"end":{"line":306,"column":null}},"71":{"start":{"line":295,"column":33},"end":{"line":295,"column":null}}},"fnMap":{"0":{"name":"DatePicker","decl":{"start":{"line":53,"column":16},"end":{"line":53,"column":27}},"loc":{"start":{"line":53,"column":70},"end":{"line":314,"column":null}},"line":53},"1":{"name":"(anonymous_1)","decl":{"start":{"line":75,"column":20},"end":{"line":75,"column":26}},"loc":{"start":{"line":75,"column":26},"end":{"line":80,"column":null}},"line":75},"2":{"name":"(anonymous_2)","decl":{"start":{"line":78,"column":18},"end":{"line":78,"column":19}},"loc":{"start":{"line":78,"column":25},"end":{"line":78,"column":30}},"line":78},"3":{"name":"(anonymous_3)","decl":{"start":{"line":79,"column":24},"end":{"line":79,"column":25}},"loc":{"start":{"line":79,"column":31},"end":{"line":79,"column":36}},"line":79},"4":{"name":"(anonymous_4)","decl":{"start":{"line":81,"column":20},"end":{"line":81,"column":26}},"loc":{"start":{"line":81,"column":26},"end":{"line":86,"column":null}},"line":81},"5":{"name":"(anonymous_5)","decl":{"start":{"line":84,"column":18},"end":{"line":84,"column":19}},"loc":{"start":{"line":84,"column":25},"end":{"line":84,"column":30}},"line":84},"6":{"name":"(anonymous_6)","decl":{"start":{"line":85,"column":24},"end":{"line":85,"column":25}},"loc":{"start":{"line":85,"column":31},"end":{"line":85,"column":36}},"line":85},"7":{"name":"(anonymous_7)","decl":{"start":{"line":88,"column":20},"end":{"line":88,"column":21}},"loc":{"start":{"line":88,"column":37},"end":{"line":94,"column":null}},"line":88},"8":{"name":"(anonymous_8)","decl":{"start":{"line":96,"column":22},"end":{"line":96,"column":23}},"loc":{"start":{"line":96,"column":37},"end":{"line":99,"column":null}},"line":96},"9":{"name":"(anonymous_9)","decl":{"start":{"line":101,"column":21},"end":{"line":101,"column":22}},"loc":{"start":{"line":101,"column":36},"end":{"line":104,"column":null}},"line":101},"10":{"name":"(anonymous_10)","decl":{"start":{"line":106,"column":21},"end":{"line":106,"column":22}},"loc":{"start":{"line":107,"column":4},"end":{"line":109,"column":null}},"line":107},"11":{"name":"(anonymous_11)","decl":{"start":{"line":111,"column":21},"end":{"line":111,"column":22}},"loc":{"start":{"line":112,"column":4},"end":{"line":112,"column":null}},"line":112},"12":{"name":"(anonymous_12)","decl":{"start":{"line":114,"column":18},"end":{"line":114,"column":19}},"loc":{"start":{"line":115,"column":4},"end":{"line":117,"column":null}},"line":115},"13":{"name":"(anonymous_13)","decl":{"start":{"line":128,"column":54},"end":{"line":128,"column":55}},"loc":{"start":{"line":128,"column":64},"end":{"line":128,"column":69}},"line":128},"14":{"name":"(anonymous_14)","decl":{"start":{"line":129,"column":46},"end":{"line":129,"column":47}},"loc":{"start":{"line":129,"column":56},"end":{"line":129,"column":68}},"line":129},"15":{"name":"(anonymous_15)","decl":{"start":{"line":138,"column":20},"end":{"line":138,"column":21}},"loc":{"start":{"line":138,"column":27},"end":{"line":141,"column":null}},"line":138},"16":{"name":"(anonymous_16)","decl":{"start":{"line":173,"column":25},"end":{"line":173,"column":31}},"loc":{"start":{"line":173,"column":31},"end":{"line":173,"column":null}},"line":173},"17":{"name":"(anonymous_17)","decl":{"start":{"line":187,"column":24},"end":{"line":187,"column":25}},"loc":{"start":{"line":188,"column":16},"end":{"line":193,"column":null}},"line":188},"18":{"name":"(anonymous_18)","decl":{"start":{"line":199,"column":26},"end":{"line":199,"column":27}},"loc":{"start":{"line":200,"column":16},"end":{"line":200,"column":null}},"line":200},"19":{"name":"(anonymous_19)","decl":{"start":{"line":202,"column":27},"end":{"line":202,"column":28}},"loc":{"start":{"line":203,"column":16},"end":{"line":220,"column":null}},"line":203},"20":{"name":"(anonymous_20)","decl":{"start":{"line":207,"column":27},"end":{"line":207,"column":33}},"loc":{"start":{"line":207,"column":33},"end":{"line":207,"column":null}},"line":207},"21":{"name":"(anonymous_21)","decl":{"start":{"line":232,"column":25},"end":{"line":232,"column":31}},"loc":{"start":{"line":232,"column":31},"end":{"line":232,"column":null}},"line":232},"22":{"name":"(anonymous_22)","decl":{"start":{"line":240,"column":25},"end":{"line":240,"column":31}},"loc":{"start":{"line":240,"column":31},"end":{"line":240,"column":null}},"line":240},"23":{"name":"(anonymous_23)","decl":{"start":{"line":248,"column":32},"end":{"line":248,"column":33}},"loc":{"start":{"line":249,"column":16},"end":{"line":261,"column":null}},"line":249},"24":{"name":"(anonymous_24)","decl":{"start":{"line":252,"column":27},"end":{"line":252,"column":33}},"loc":{"start":{"line":252,"column":33},"end":{"line":252,"column":null}},"line":252},"25":{"name":"(anonymous_25)","decl":{"start":{"line":273,"column":25},"end":{"line":273,"column":31}},"loc":{"start":{"line":273,"column":31},"end":{"line":273,"column":null}},"line":273},"26":{"name":"(anonymous_26)","decl":{"start":{"line":273,"column":43},"end":{"line":273,"column":44}},"loc":{"start":{"line":273,"column":50},"end":{"line":273,"column":56}},"line":273},"27":{"name":"(anonymous_27)","decl":{"start":{"line":283,"column":25},"end":{"line":283,"column":31}},"loc":{"start":{"line":283,"column":31},"end":{"line":283,"column":null}},"line":283},"28":{"name":"(anonymous_28)","decl":{"start":{"line":283,"column":43},"end":{"line":283,"column":44}},"loc":{"start":{"line":283,"column":50},"end":{"line":283,"column":56}},"line":283},"29":{"name":"(anonymous_29)","decl":{"start":{"line":291,"column":28},"end":{"line":291,"column":29}},"loc":{"start":{"line":292,"column":16},"end":{"line":306,"column":null}},"line":292},"30":{"name":"(anonymous_30)","decl":{"start":{"line":295,"column":27},"end":{"line":295,"column":33}},"loc":{"start":{"line":295,"column":33},"end":{"line":295,"column":null}},"line":295}},"branchMap":{"0":{"loc":{"start":{"line":55,"column":18},"end":{"line":55,"column":null}},"type":"cond-expr","locations":[{"start":{"line":55,"column":24},"end":{"line":55,"column":40}},{"start":{"line":55,"column":40},"end":{"line":55,"column":null}}],"line":55},"1":{"loc":{"start":{"line":57,"column":17},"end":{"line":57,"column":null}},"type":"cond-expr","locations":[{"start":{"line":57,"column":25},"end":{"line":57,"column":57}},{"start":{"line":57,"column":57},"end":{"line":57,"column":null}}],"line":57},"2":{"loc":{"start":{"line":62,"column":4},"end":{"line":62,"column":null}},"type":"binary-expr","locations":[{"start":{"line":62,"column":4},"end":{"line":62,"column":29}},{"start":{"line":62,"column":29},"end":{"line":62,"column":null}}],"line":62},"3":{"loc":{"start":{"line":65,"column":4},"end":{"line":65,"column":null}},"type":"binary-expr","locations":[{"start":{"line":65,"column":4},"end":{"line":65,"column":26}},{"start":{"line":65,"column":26},"end":{"line":65,"column":null}}],"line":65},"4":{"loc":{"start":{"line":69,"column":16},"end":{"line":69,"column":64}},"type":"binary-expr","locations":[{"start":{"line":69,"column":16},"end":{"line":69,"column":41}},{"start":{"line":69,"column":41},"end":{"line":69,"column":64}}],"line":69},"5":{"loc":{"start":{"line":76,"column":4},"end":{"line":79,"column":null}},"type":"if","locations":[{"start":{"line":76,"column":4},"end":{"line":79,"column":null}},{"start":{"line":79,"column":11},"end":{"line":79,"column":null}}],"line":76},"6":{"loc":{"start":{"line":82,"column":4},"end":{"line":85,"column":null}},"type":"if","locations":[{"start":{"line":82,"column":4},"end":{"line":85,"column":null}},{"start":{"line":85,"column":11},"end":{"line":85,"column":null}}],"line":82},"7":{"loc":{"start":{"line":90,"column":4},"end":{"line":90,"column":null}},"type":"if","locations":[{"start":{"line":90,"column":4},"end":{"line":90,"column":null}},{"start":{},"end":{}}],"line":90},"8":{"loc":{"start":{"line":107,"column":4},"end":{"line":109,"column":null}},"type":"binary-expr","locations":[{"start":{"line":107,"column":4},"end":{"line":107,"column":null}},{"start":{"line":108,"column":4},"end":{"line":108,"column":null}},{"start":{"line":109,"column":4},"end":{"line":109,"column":null}}],"line":107},"9":{"loc":{"start":{"line":115,"column":4},"end":{"line":117,"column":null}},"type":"binary-expr","locations":[{"start":{"line":115,"column":4},"end":{"line":115,"column":null}},{"start":{"line":116,"column":4},"end":{"line":116,"column":null}},{"start":{"line":117,"column":4},"end":{"line":117,"column":null}}],"line":115},"10":{"loc":{"start":{"line":119,"column":23},"end":{"line":125,"column":null}},"type":"cond-expr","locations":[{"start":{"line":120,"column":6},"end":{"line":124,"column":null}},{"start":{"line":125,"column":6},"end":{"line":125,"column":null}}],"line":119},"11":{"loc":{"start":{"line":140,"column":8},"end":{"line":140,"column":null}},"type":"if","locations":[{"start":{"line":140,"column":8},"end":{"line":140,"column":null}},{"start":{},"end":{}}],"line":140},"12":{"loc":{"start":{"line":150,"column":12},"end":{"line":150,"column":null}},"type":"cond-expr","locations":[{"start":{"line":150,"column":21},"end":{"line":150,"column":36}},{"start":{"line":150,"column":36},"end":{"line":150,"column":null}}],"line":150},"13":{"loc":{"start":{"line":163,"column":9},"end":{"line":223,"column":null}},"type":"binary-expr","locations":[{"start":{"line":163,"column":9},"end":{"line":163,"column":null}},{"start":{"line":164,"column":10},"end":{"line":223,"column":null}}],"line":163},"14":{"loc":{"start":{"line":210,"column":20},"end":{"line":214,"column":null}},"type":"cond-expr","locations":[{"start":{"line":211,"column":24},"end":{"line":211,"column":null}},{"start":{"line":212,"column":24},"end":{"line":214,"column":null}}],"line":210},"15":{"loc":{"start":{"line":212,"column":24},"end":{"line":214,"column":null}},"type":"cond-expr","locations":[{"start":{"line":213,"column":26},"end":{"line":213,"column":null}},{"start":{"line":214,"column":26},"end":{"line":214,"column":null}}],"line":212},"16":{"loc":{"start":{"line":215,"column":20},"end":{"line":216,"column":null}},"type":"binary-expr","locations":[{"start":{"line":215,"column":20},"end":{"line":215,"column":null}},{"start":{"line":216,"column":22},"end":{"line":216,"column":null}}],"line":215},"17":{"loc":{"start":{"line":227,"column":9},"end":{"line":264,"column":null}},"type":"binary-expr","locations":[{"start":{"line":227,"column":9},"end":{"line":227,"column":null}},{"start":{"line":228,"column":10},"end":{"line":264,"column":null}}],"line":227},"18":{"loc":{"start":{"line":255,"column":20},"end":{"line":257,"column":null}},"type":"cond-expr","locations":[{"start":{"line":256,"column":24},"end":{"line":256,"column":null}},{"start":{"line":257,"column":24},"end":{"line":257,"column":null}}],"line":255},"19":{"loc":{"start":{"line":268,"column":9},"end":{"line":309,"column":null}},"type":"binary-expr","locations":[{"start":{"line":268,"column":9},"end":{"line":268,"column":null}},{"start":{"line":269,"column":10},"end":{"line":309,"column":null}}],"line":268},"20":{"loc":{"start":{"line":298,"column":20},"end":{"line":300,"column":null}},"type":"cond-expr","locations":[{"start":{"line":299,"column":24},"end":{"line":299,"column":null}},{"start":{"line":300,"column":24},"end":{"line":300,"column":null}}],"line":298},"21":{"loc":{"start":{"line":301,"column":20},"end":{"line":302,"column":null}},"type":"binary-expr","locations":[{"start":{"line":301,"column":20},"end":{"line":301,"column":null}},{"start":{"line":302,"column":22},"end":{"line":302,"column":null}}],"line":301}},"s":{"0":1,"1":1,"2":1,"3":11,"4":11,"5":11,"6":11,"7":11,"8":11,"9":11,"10":11,"11":11,"12":11,"13":11,"14":0,"15":0,"16":0,"17":0,"18":0,"19":0,"20":11,"21":0,"22":0,"23":0,"24":0,"25":0,"26":0,"27":11,"28":0,"29":0,"30":0,"31":0,"32":0,"33":0,"34":11,"35":0,"36":0,"37":11,"38":0,"39":0,"40":11,"41":316,"42":11,"43":632,"44":11,"45":313,"46":11,"47":11,"48":11,"49":316,"50":11,"51":132,"52":11,"53":11,"54":0,"55":0,"56":0,"57":0,"58":77,"59":13,"60":316,"61":0,"62":0,"63":0,"64":0,"65":0,"66":0,"67":0,"68":0,"69":0,"70":0,"71":0},"f":{"0":11,"1":0,"2":0,"3":0,"4":0,"5":0,"6":0,"7":0,"8":0,"9":0,"10":316,"11":632,"12":313,"13":316,"14":132,"15":0,"16":0,"17":77,"18":13,"19":316,"20":0,"21":0,"22":0,"23":0,"24":0,"25":0,"26":0,"27":0,"28":0,"29":0,"30":0},"b":{"0":[11,0],"1":[3,8],"2":[11,8],"3":[11,8],"4":[11,8],"5":[0,0],"6":[0,0],"7":[0,0],"8":[316,92,92],"9":[313,224,224],"10":[3,8],"11":[0,0],"12":[3,8],"13":[11,11],"14":[3,313],"15":[8,305],"16":[316,40],"17":[11,0],"18":[0,0],"19":[11,0],"20":[0,0],"21":[0,0]},"meta":{"lastBranch":22,"lastFunction":31,"lastStatement":72,"seen":{"s:15:15:28:Infinity":0,"s:29:21:42:Infinity":1,"s:43:13:43:Infinity":2,"f:53:16:53:27":0,"s:54:16:54:Infinity":3,"s:55:18:55:Infinity":4,"b:55:24:55:40:55:40:55:Infinity":0,"s:57:17:57:Infinity":5,"b:57:25:57:57:57:57:57:Infinity":1,"s:59:22:59:Infinity":6,"s:60:24:60:Infinity":7,"s:61:30:63:Infinity":8,"b:62:4:62:29:62:29:62:Infinity":2,"s:64:32:66:Infinity":9,"b:65:4:65:26:65:26:65:Infinity":3,"s:68:30:70:Infinity":10,"b:69:16:69:41:69:41:69:64":4,"s:72:19:72:Infinity":11,"s:73:22:73:Infinity":12,"s:75:20:80:Infinity":13,"f:75:20:75:26":1,"b:76:4:79:Infinity:79:11:79:Infinity":5,"s:76:4:79:Infinity":14,"s:77:6:77:Infinity":15,"s:78:6:78:Infinity":16,"f:78:18:78:19":2,"s:78:25:78:30":17,"s:79:11:79:Infinity":18,"f:79:24:79:25":3,"s:79:31:79:36":19,"s:81:20:86:Infinity":20,"f:81:20:81:26":4,"b:82:4:85:Infinity:85:11:85:Infinity":6,"s:82:4:85:Infinity":21,"s:83:6:83:Infinity":22,"s:84:6:84:Infinity":23,"f:84:18:84:19":5,"s:84:25:84:30":24,"s:85:11:85:Infinity":25,"f:85:24:85:25":6,"s:85:31:85:36":26,"s:88:20:94:Infinity":27,"f:88:20:88:21":7,"s:89:14:89:Infinity":28,"b:90:4:90:Infinity:undefined:undefined:undefined:undefined":7,"s:90:4:90:Infinity":29,"s:90:21:90:Infinity":30,"s:91:16:91:Infinity":31,"s:92:4:92:Infinity":32,"s:93:4:93:Infinity":33,"s:96:22:99:Infinity":34,"f:96:22:96:23":8,"s:97:4:97:Infinity":35,"s:98:4:98:Infinity":36,"s:101:21:104:Infinity":37,"f:101:21:101:22":9,"s:102:4:102:Infinity":38,"s:103:4:103:Infinity":39,"s:106:21:109:Infinity":40,"f:106:21:106:22":10,"s:107:4:109:Infinity":41,"b:107:4:107:Infinity:108:4:108:Infinity:109:4:109:Infinity":8,"s:111:21:112:Infinity":42,"f:111:21:111:22":11,"s:112:4:112:Infinity":43,"s:114:18:117:Infinity":44,"f:114:18:114:19":12,"s:115:4:117:Infinity":45,"b:115:4:115:Infinity:116:4:116:Infinity:117:4:117:Infinity":9,"s:119:23:125:Infinity":46,"b:120:6:124:Infinity:125:6:125:Infinity":10,"s:127:17:127:Infinity":47,"s:128:18:128:Infinity":48,"f:128:54:128:55":13,"s:128:64:128:69":49,"s:129:19:129:Infinity":50,"f:129:46:129:47":14,"s:129:56:129:68":51,"s:133:4:133:Infinity":52,"s:135:2:312:Infinity":53,"f:138:20:138:21":15,"s:139:8:139:Infinity":54,"b:140:8:140:Infinity:undefined:undefined:undefined:undefined":11,"s:140:8:140:Infinity":55,"s:140:16:140:Infinity":56,"b:150:21:150:36:150:36:150:Infinity":12,"b:163:9:163:Infinity:164:10:223:Infinity":13,"f:173:25:173:31":16,"s:173:31:173:Infinity":57,"f:187:24:187:25":17,"s:188:16:193:Infinity":58,"f:199:26:199:27":18,"s:200:16:200:Infinity":59,"f:202:27:202:28":19,"s:203:16:220:Infinity":60,"f:207:27:207:33":20,"s:207:33:207:Infinity":61,"b:211:24:211:Infinity:212:24:214:Infinity":14,"b:213:26:213:Infinity:214:26:214:Infinity":15,"b:215:20:215:Infinity:216:22:216:Infinity":16,"b:227:9:227:Infinity:228:10:264:Infinity":17,"f:232:25:232:31":21,"s:232:31:232:Infinity":62,"f:240:25:240:31":22,"s:240:31:240:Infinity":63,"f:248:32:248:33":23,"s:249:16:261:Infinity":64,"f:252:27:252:33":24,"s:252:33:252:Infinity":65,"b:256:24:256:Infinity:257:24:257:Infinity":18,"b:268:9:268:Infinity:269:10:309:Infinity":19,"f:273:25:273:31":25,"s:273:31:273:Infinity":66,"f:273:43:273:44":26,"s:273:50:273:56":67,"f:283:25:283:31":27,"s:283:31:283:Infinity":68,"f:283:43:283:44":28,"s:283:50:283:56":69,"f:291:28:291:29":29,"s:292:16:306:Infinity":70,"f:295:27:295:33":30,"s:295:33:295:Infinity":71,"b:299:24:299:Infinity:300:24:300:Infinity":20,"b:301:20:301:Infinity:302:22:302:Infinity":21}}}
,"C:\\Users\\User\\Desktop\\Projects\\years-tracker-v2\\src\\components\\ui\\button.tsx": {"path":"C:\\Users\\User\\Desktop\\Projects\\years-tracker-v2\\src\\components\\ui\\button.tsx","statementMap":{"0":{"start":{"line":7,"column":6},"end":{"line":35,"column":null}},"1":{"start":{"line":43,"column":15},"end":{"line":54,"column":null}},"2":{"start":{"line":45,"column":17},"end":{"line":45,"column":null}},"3":{"start":{"line":46,"column":4},"end":{"line":51,"column":null}},"4":{"start":{"line":55,"column":0},"end":{"line":55,"column":null}}},"fnMap":{"0":{"name":"(anonymous_0)","decl":{"start":{"line":44,"column":2},"end":{"line":44,"column":3}},"loc":{"start":{"line":44,"column":68},"end":{"line":53,"column":null}},"line":44}},"branchMap":{"0":{"loc":{"start":{"line":44,"column":31},"end":{"line":44,"column":48}},"type":"default-arg","locations":[{"start":{"line":44,"column":41},"end":{"line":44,"column":48}}],"line":44},"1":{"loc":{"start":{"line":45,"column":17},"end":{"line":45,"column":null}},"type":"cond-expr","locations":[{"start":{"line":45,"column":27},"end":{"line":45,"column":34}},{"start":{"line":45,"column":34},"end":{"line":45,"column":null}}],"line":45}},"s":{"0":1,"1":1,"2":11,"3":11,"4":1},"f":{"0":11},"b":{"0":[11],"1":[0,11]},"meta":{"lastBranch":2,"lastFunction":1,"lastStatement":5,"seen":{"s:7:6:35:Infinity":0,"s:43:15:54:Infinity":1,"f:44:2:44:3":0,"b:44:41:44:48":0,"s:45:17:45:Infinity":2,"b:45:27:45:34:45:34:45:Infinity":1,"s:46:4:51:Infinity":3,"s:55:0:55:Infinity":4}}}
,"C:\\Users\\User\\Desktop\\Projects\\years-tracker-v2\\src\\components\\ui\\card.tsx": {"path":"C:\\Users\\User\\Desktop\\Projects\\years-tracker-v2\\src\\components\\ui\\card.tsx","statementMap":{"0":{"start":{"line":5,"column":13},"end":{"line":17,"column":null}},"1":{"start":{"line":9,"column":2},"end":{"line":16,"column":null}},"2":{"start":{"line":18,"column":0},"end":{"line":18,"column":null}},"3":{"start":{"line":20,"column":19},"end":{"line":29,"column":null}},"4":{"start":{"line":24,"column":2},"end":{"line":28,"column":null}},"5":{"start":{"line":30,"column":0},"end":{"line":30,"column":null}},"6":{"start":{"line":32,"column":18},"end":{"line":41,"column":null}},"7":{"start":{"line":36,"column":2},"end":{"line":40,"column":null}},"8":{"start":{"line":42,"column":0},"end":{"line":42,"column":null}},"9":{"start":{"line":44,"column":24},"end":{"line":53,"column":null}},"10":{"start":{"line":48,"column":2},"end":{"line":52,"column":null}},"11":{"start":{"line":54,"column":0},"end":{"line":54,"column":null}},"12":{"start":{"line":56,"column":20},"end":{"line":61,"column":null}},"13":{"start":{"line":60,"column":2},"end":{"line":60,"column":null}},"14":{"start":{"line":62,"column":0},"end":{"line":62,"column":null}},"15":{"start":{"line":64,"column":19},"end":{"line":73,"column":null}},"16":{"start":{"line":68,"column":2},"end":{"line":72,"column":null}},"17":{"start":{"line":74,"column":0},"end":{"line":74,"column":null}}},"fnMap":{"0":{"name":"(anonymous_0)","decl":{"start":{"line":8,"column":2},"end":{"line":8,"column":3}},"loc":{"start":{"line":9,"column":2},"end":{"line":16,"column":null}},"line":9},"1":{"name":"(anonymous_1)","decl":{"start":{"line":23,"column":2},"end":{"line":23,"column":3}},"loc":{"start":{"line":24,"column":2},"end":{"line":28,"column":null}},"line":24},"2":{"name":"(anonymous_2)","decl":{"start":{"line":35,"column":2},"end":{"line":35,"column":3}},"loc":{"start":{"line":36,"column":2},"end":{"line":40,"column":null}},"line":36},"3":{"name":"(anonymous_3)","decl":{"start":{"line":47,"column":2},"end":{"line":47,"column":3}},"loc":{"start":{"line":48,"column":2},"end":{"line":52,"column":null}},"line":48},"4":{"name":"(anonymous_4)","decl":{"start":{"line":59,"column":2},"end":{"line":59,"column":3}},"loc":{"start":{"line":60,"column":2},"end":{"line":60,"column":null}},"line":60},"5":{"name":"(anonymous_5)","decl":{"start":{"line":67,"column":2},"end":{"line":67,"column":3}},"loc":{"start":{"line":68,"column":2},"end":{"line":72,"column":null}},"line":68}},"branchMap":{},"s":{"0":1,"1":11,"2":1,"3":1,"4":0,"5":1,"6":1,"7":0,"8":1,"9":1,"10":0,"11":1,"12":1,"13":11,"14":1,"15":1,"16":0,"17":1},"f":{"0":11,"1":0,"2":0,"3":0,"4":11,"5":0},"b":{},"meta":{"lastBranch":0,"lastFunction":6,"lastStatement":18,"seen":{"s:5:13:17:Infinity":0,"f:8:2:8:3":0,"s:9:2:16:Infinity":1,"s:18:0:18:Infinity":2,"s:20:19:29:Infinity":3,"f:23:2:23:3":1,"s:24:2:28:Infinity":4,"s:30:0:30:Infinity":5,"s:32:18:41:Infinity":6,"f:35:2:35:3":2,"s:36:2:40:Infinity":7,"s:42:0:42:Infinity":8,"s:44:24:53:Infinity":9,"f:47:2:47:3":3,"s:48:2:52:Infinity":10,"s:54:0:54:Infinity":11,"s:56:20:61:Infinity":12,"f:59:2:59:3":4,"s:60:2:60:Infinity":13,"s:62:0:62:Infinity":14,"s:64:19:73:Infinity":15,"f:67:2:67:3":5,"s:68:2:72:Infinity":16,"s:74:0:74:Infinity":17}}}
,"C:\\Users\\User\\Desktop\\Projects\\years-tracker-v2\\src\\components\\ui\\label.tsx": {"path":"C:\\Users\\User\\Desktop\\Projects\\years-tracker-v2\\src\\components\\ui\\label.tsx","statementMap":{"0":{"start":{"line":7,"column":6},"end":{"line":9,"column":null}},"1":{"start":{"line":11,"column":14},"end":{"line":21,"column":null}},"2":{"start":{"line":16,"column":2},"end":{"line":20,"column":null}},"3":{"start":{"line":22,"column":0},"end":{"line":22,"column":null}}},"fnMap":{"0":{"name":"(anonymous_0)","decl":{"start":{"line":15,"column":2},"end":{"line":15,"column":3}},"loc":{"start":{"line":16,"column":2},"end":{"line":20,"column":null}},"line":16}},"branchMap":{},"s":{"0":1,"1":1,"2":11,"3":1},"f":{"0":11},"b":{},"meta":{"lastBranch":0,"lastFunction":1,"lastStatement":4,"seen":{"s:7:6:9:Infinity":0,"s:11:14:21:Infinity":1,"f:15:2:15:3":0,"s:16:2:20:Infinity":2,"s:22:0:22:Infinity":3}}}
,"C:\\Users\\User\\Desktop\\Projects\\years-tracker-v2\\src\\components\\ui\\popover.tsx": {"path":"C:\\Users\\User\\Desktop\\Projects\\years-tracker-v2\\src\\components\\ui\\popover.tsx","statementMap":{"0":{"start":{"line":6,"column":16},"end":{"line":6,"column":null}},"1":{"start":{"line":8,"column":23},"end":{"line":8,"column":null}},"2":{"start":{"line":10,"column":22},"end":{"line":10,"column":null}},"3":{"start":{"line":12,"column":23},"end":{"line":28,"column":null}},"4":{"start":{"line":16,"column":2},"end":{"line":27,"column":null}},"5":{"start":{"line":29,"column":0},"end":{"line":29,"column":null}}},"fnMap":{"0":{"name":"(anonymous_0)","decl":{"start":{"line":15,"column":2},"end":{"line":15,"column":3}},"loc":{"start":{"line":16,"column":2},"end":{"line":27,"column":null}},"line":16}},"branchMap":{"0":{"loc":{"start":{"line":15,"column":16},"end":{"line":15,"column":34}},"type":"default-arg","locations":[{"start":{"line":15,"column":24},"end":{"line":15,"column":34}}],"line":15},"1":{"loc":{"start":{"line":15,"column":34},"end":{"line":15,"column":50}},"type":"default-arg","locations":[{"start":{"line":15,"column":47},"end":{"line":15,"column":50}}],"line":15}},"s":{"0":1,"1":1,"2":1,"3":1,"4":11,"5":1},"f":{"0":11},"b":{"0":[11],"1":[11]},"meta":{"lastBranch":2,"lastFunction":1,"lastStatement":6,"seen":{"s:6:16:6:Infinity":0,"s:8:23:8:Infinity":1,"s:10:22:10:Infinity":2,"s:12:23:28:Infinity":3,"f:15:2:15:3":0,"s:16:2:27:Infinity":4,"b:15:24:15:34":0,"b:15:47:15:50":1,"s:29:0:29:Infinity":5}}}
,"C:\\Users\\User\\Desktop\\Projects\\years-tracker-v2\\src\\components\\ui\\separator.tsx": {"path":"C:\\Users\\User\\Desktop\\Projects\\years-tracker-v2\\src\\components\\ui\\separator.tsx","statementMap":{"0":{"start":{"line":6,"column":18},"end":{"line":26,"column":null}},"1":{"start":{"line":14,"column":4},"end":{"line":24,"column":null}},"2":{"start":{"line":27,"column":0},"end":{"line":27,"column":null}}},"fnMap":{"0":{"name":"(anonymous_0)","decl":{"start":{"line":10,"column":2},"end":{"line":10,"column":null}},"loc":{"start":{"line":14,"column":4},"end":{"line":24,"column":null}},"line":14}},"branchMap":{"0":{"loc":{"start":{"line":11,"column":17},"end":{"line":11,"column":45}},"type":"default-arg","locations":[{"start":{"line":11,"column":31},"end":{"line":11,"column":45}}],"line":11},"1":{"loc":{"start":{"line":11,"column":45},"end":{"line":11,"column":64}},"type":"default-arg","locations":[{"start":{"line":11,"column":58},"end":{"line":11,"column":64}}],"line":11},"2":{"loc":{"start":{"line":20,"column":8},"end":{"line":20,"column":null}},"type":"cond-expr","locations":[{"start":{"line":20,"column":39},"end":{"line":20,"column":58}},{"start":{"line":20,"column":58},"end":{"line":20,"column":null}}],"line":20}},"s":{"0":1,"1":11,"2":1},"f":{"0":11},"b":{"0":[11],"1":[11],"2":[11,0]},"meta":{"lastBranch":3,"lastFunction":1,"lastStatement":3,"seen":{"s:6:18:26:Infinity":0,"f:10:2:10:Infinity":0,"s:14:4:24:Infinity":1,"b:11:31:11:45":0,"b:11:58:11:64":1,"b:20:39:20:58:20:58:20:Infinity":2,"s:27:0:27:Infinity":2}}}
,"C:\\Users\\User\\Desktop\\Projects\\years-tracker-v2\\src\\constants\\index.ts": {"path":"C:\\Users\\User\\Desktop\\Projects\\years-tracker-v2\\src\\constants\\index.ts","statementMap":{"0":{"start":{"line":1,"column":30},"end":{"line":1,"column":null}},"1":{"start":{"line":2,"column":31},"end":{"line":2,"column":null}},"2":{"start":{"line":3,"column":35},"end":{"line":3,"column":null}}},"fnMap":{},"branchMap":{},"s":{"0":1,"1":1,"2":1},"f":{},"b":{},"meta":{"lastBranch":0,"lastFunction":0,"lastStatement":3,"seen":{"s:1:30:1:Infinity":0,"s:2:31:2:Infinity":1,"s:3:35:3:Infinity":2}}}
,"C:\\Users\\User\\Desktop\\Projects\\years-tracker-v2\\src\\lib\\utils.ts": {"path":"C:\\Users\\User\\Desktop\\Projects\\years-tracker-v2\\src\\lib\\utils.ts","statementMap":{"0":{"start":{"line":5,"column":2},"end":{"line":5,"column":null}}},"fnMap":{"0":{"name":"cn","decl":{"start":{"line":4,"column":16},"end":{"line":4,"column":22}},"loc":{"start":{"line":4,"column":44},"end":{"line":6,"column":null}},"line":4}},"branchMap":{},"s":{"0":393},"f":{"0":393},"b":{},"meta":{"lastBranch":0,"lastFunction":1,"lastStatement":1,"seen":{"f:4:16:4:22":0,"s:5:2:5:Infinity":0}}}
,"C:\\Users\\User\\Desktop\\Projects\\years-tracker-v2\\src\\pages\\Setup.tsx": {"path":"C:\\Users\\User\\Desktop\\Projects\\years-tracker-v2\\src\\pages\\Setup.tsx","statementMap":{"0":{"start":{"line":11,"column":8},"end":{"line":11,"column":null}},"1":{"start":{"line":12,"column":32},"end":{"line":12,"column":null}},"2":{"start":{"line":14,"column":18},"end":{"line":14,"column":null}},"3":{"start":{"line":17,"column":4},"end":{"line":17,"column":null}},"4":{"start":{"line":18,"column":4},"end":{"line":18,"column":null}},"5":{"start":{"line":21,"column":2},"end":{"line":88,"column":null}}},"fnMap":{"0":{"name":"Setup","decl":{"start":{"line":10,"column":24},"end":{"line":10,"column":32}},"loc":{"start":{"line":10,"column":32},"end":{"line":90,"column":null}},"line":10},"1":{"name":"handleProceed","decl":{"start":{"line":16,"column":11},"end":{"line":16,"column":27}},"loc":{"start":{"line":16,"column":27},"end":{"line":19,"column":null}},"line":16}},"branchMap":{"0":{"loc":{"start":{"line":12,"column":45},"end":{"line":12,"column":87}},"type":"binary-expr","locations":[{"start":{"line":12,"column":45},"end":{"line":12,"column":85}},{"start":{"line":12,"column":85},"end":{"line":12,"column":87}}],"line":12},"1":{"loc":{"start":{"line":14,"column":18},"end":{"line":14,"column":null}},"type":"binary-expr","locations":[{"start":{"line":14,"column":18},"end":{"line":14,"column":38}},{"start":{"line":14,"column":38},"end":{"line":14,"column":null}}],"line":14}},"s":{"0":11,"1":11,"2":11,"3":1,"4":1,"5":11},"f":{"0":11,"1":1},"b":{"0":[11,8],"1":[11,3]},"meta":{"lastBranch":2,"lastFunction":2,"lastStatement":6,"seen":{"f:10:24:10:32":0,"s:11:8:11:Infinity":0,"s:12:32:12:Infinity":1,"b:12:45:12:85:12:85:12:87":0,"s:14:18:14:Infinity":2,"b:14:18:14:38:14:38:14:Infinity":1,"f:16:11:16:27":1,"s:17:4:17:Infinity":3,"s:18:4:18:Infinity":4,"s:21:2:88:Infinity":5}}}
}
